app/build/intermediates/manifest_merge_blame_file/debug/manifest-merger-blame-debug-report.txt
1<?xml version="1.0" encoding="utf-8"?>
2<manifest xmlns:android="http://schemas.android.com/apk/res/android"
3    package="com.example.bookency"
4    android:versionCode="1"
5    android:versionName="1.0" >
6
7    <uses-sdk
8        android:minSdkVersion="21"
8-->src/main/AndroidManifest.xml
9        android:targetSdkVersion="32" />
9-->src/main/AndroidManifest.xml
10
11    <uses-permission android:name="android.permission.INTERNET" />
11-->src/main/AndroidManifest.xml:6:5-67
11-->src/main/AndroidManifest.xml:6:22-64
12    <uses-permission android:name="android.permission.ACCESS_NETWORK_STATE" />
12-->src/main/AndroidManifest.xml:7:5-79
12-->src/main/AndroidManifest.xml:7:22-76
13    <uses-permission android:name="android.permission.WAKE_LOCK" />
13-->[com.google.android.gms:play-services-measurement-api:21.2.2] AndroidManifest.xml:24:5-68
13-->[com.google.android.gms:play-services-measurement-api:21.2.2] AndroidManifest.xml:24:22-65
14    <uses-permission android:name="com.google.android.gms.permission.AD_ID" />
14-->[com.google.android.gms:play-services-measurement-api:21.2.2] AndroidManifest.xml:25:5-79
14-->[com.google.android.gms:play-services-measurement-api:21.2.2] AndroidManifest.xml:25:22-76
15    <uses-permission android:name="com.google.android.finsky.permission.BIND_GET_INSTALL_REFERRER_SERVICE" />
15-->[com.google.android.gms:play-services-measurement:21.2.2] AndroidManifest.xml:26:5-110
15-->[com.google.android.gms:play-services-measurement:21.2.2] AndroidManifest.xml:26:22-107
16
17    <application
17-->src/main/AndroidManifest.xml:9:5-53:19
18        android:allowBackup="true"
18-->src/main/AndroidManifest.xml:10:9-35
19        android:appComponentFactory="androidx.core.app.CoreComponentFactory"
19-->[androidx.core:core:1.6.0] AndroidManifest.xml:24:18-86
20        android:dataExtractionRules="@xml/data_extraction_rules"
20-->src/main/AndroidManifest.xml:11:9-65
21        android:debuggable="true"
22        android:fullBackupContent="@xml/backup_rules"
22-->src/main/AndroidManifest.xml:12:9-54
23        android:icon="@drawable/logo"
23-->src/main/AndroidManifest.xml:13:9-38
24        android:label="@string/app_name"
24-->src/main/AndroidManifest.xml:14:9-41
25        android:roundIcon="@drawable/logo"
25-->src/main/AndroidManifest.xml:15:9-43
26        android:supportsRtl="true"
26-->src/main/AndroidManifest.xml:16:9-35
27        android:testOnly="true"
28        android:theme="@style/Theme.Bookency" >
28-->src/main/AndroidManifest.xml:17:9-46
29        <activity
29-->src/main/AndroidManifest.xml:19:9-21:40
30            android:name="com.example.bookency.activities.EditReviewActivity"
30-->src/main/AndroidManifest.xml:20:13-58
31            android:exported="false" />
31-->src/main/AndroidManifest.xml:21:13-37
32        <activity
32-->src/main/AndroidManifest.xml:22:9-24:40
33            android:name="com.example.bookency.activities.AddReviewActivity"
33-->src/main/AndroidManifest.xml:23:13-57
34            android:exported="false" />
34-->src/main/AndroidManifest.xml:24:13-37
35        <activity
35-->src/main/AndroidManifest.xml:25:9-27:40
36            android:name="com.example.bookency.activities.BookReviewsActivity"
36-->src/main/AndroidManifest.xml:26:13-59
37            android:exported="false" />
37-->src/main/AndroidManifest.xml:27:13-37
38        <activity
38-->src/main/AndroidManifest.xml:28:9-30:40
39            android:name="com.example.bookency.activities.EditProfileActivity"
39-->src/main/AndroidManifest.xml:29:13-59
40            android:exported="false" />
40-->src/main/AndroidManifest.xml:30:13-37
41        <activity
41-->src/main/AndroidManifest.xml:31:9-33:40
42            android:name="com.example.bookency.activities.UserProfileActivity"
42-->src/main/AndroidManifest.xml:32:13-59
43            android:exported="false" />
43-->src/main/AndroidManifest.xml:33:13-37
44        <activity
44-->src/main/AndroidManifest.xml:34:9-36:40
45            android:name="com.example.bookency.activities.UserDashboard"
45-->src/main/AndroidManifest.xml:35:13-53
46            android:exported="false" />
46-->src/main/AndroidManifest.xml:36:13-37
47        <activity
47-->src/main/AndroidManifest.xml:37:9-39:40
48            android:name="com.example.bookency.activities.LoginActivity"
48-->src/main/AndroidManifest.xml:38:13-53
49            android:exported="false" />
49-->src/main/AndroidManifest.xml:39:13-37
50        <activity
50-->src/main/AndroidManifest.xml:40:9-42:40
51            android:name="com.example.bookency.activities.RegisterActivity"
51-->src/main/AndroidManifest.xml:41:13-56
52            android:exported="false" />
52-->src/main/AndroidManifest.xml:42:13-37
53        <activity
53-->src/main/AndroidManifest.xml:43:9-51:20
54            android:name="com.example.bookency.activities.SplashActivity"
54-->src/main/AndroidManifest.xml:44:13-54
55            android:exported="true" >
55-->src/main/AndroidManifest.xml:45:13-36
56            <intent-filter>
56-->src/main/AndroidManifest.xml:46:13-50:29
57                <action android:name="android.intent.action.MAIN" />
57-->src/main/AndroidManifest.xml:47:17-69
57-->src/main/AndroidManifest.xml:47:25-66
58
59                <category android:name="android.intent.category.LAUNCHER" />
59-->src/main/AndroidManifest.xml:49:17-77
59-->src/main/AndroidManifest.xml:49:27-74
60            </intent-filter>
61        </activity>
62        <activity android:name="com.example.bookency.activities.MainActivity" />
62-->src/main/AndroidManifest.xml:52:9-61
62-->src/main/AndroidManifest.xml:52:19-58
63
64        <service
64-->[com.google.firebase:firebase-analytics-ktx:21.2.2] AndroidManifest.xml:8:9-14:19
65            android:name="com.google.firebase.components.ComponentDiscoveryService"
65-->[com.google.firebase:firebase-analytics-ktx:21.2.2] AndroidManifest.xml:9:13-84
66            android:directBootAware="true"
66-->[com.google.firebase:firebase-common:20.3.2] AndroidManifest.xml:34:13-43
67            android:exported="false" >
67-->[com.google.firebase:firebase-analytics-ktx:21.2.2] AndroidManifest.xml:10:13-37
68            <meta-data
68-->[com.google.firebase:firebase-analytics-ktx:21.2.2] AndroidManifest.xml:11:13-13:85
69                android:name="com.google.firebase.components:com.google.firebase.analytics.ktx.FirebaseAnalyticsKtxRegistrar"
69-->[com.google.firebase:firebase-analytics-ktx:21.2.2] AndroidManifest.xml:12:17-126
70                android:value="com.google.firebase.components.ComponentRegistrar" />
70-->[com.google.firebase:firebase-analytics-ktx:21.2.2] AndroidManifest.xml:13:17-82
71            <meta-data
71-->[com.google.firebase:firebase-auth-ktx:22.0.0] AndroidManifest.xml:11:13-13:85
72                android:name="com.google.firebase.components:com.google.firebase.auth.ktx.FirebaseAuthKtxRegistrar"
72-->[com.google.firebase:firebase-auth-ktx:22.0.0] AndroidManifest.xml:12:17-116
73                android:value="com.google.firebase.components.ComponentRegistrar" />
73-->[com.google.firebase:firebase-auth-ktx:22.0.0] AndroidManifest.xml:13:17-82
74            <meta-data
74-->[com.google.firebase:firebase-database-ktx:20.2.1] AndroidManifest.xml:14:13-16:85
75                android:name="com.google.firebase.components:com.google.firebase.database.ktx.FirebaseDatabaseKtxRegistrar"
75-->[com.google.firebase:firebase-database-ktx:20.2.1] AndroidManifest.xml:15:17-124
76                android:value="com.google.firebase.components.ComponentRegistrar" />
76-->[com.google.firebase:firebase-database-ktx:20.2.1] AndroidManifest.xml:16:17-82
77            <meta-data
77-->[com.google.firebase:firebase-crashlytics-ktx:18.3.7] AndroidManifest.xml:26:13-28:85
78                android:name="com.google.firebase.components:com.google.firebase.crashlytics.ktx.FirebaseCrashlyticsKtxRegistrar"
78-->[com.google.firebase:firebase-crashlytics-ktx:18.3.7] AndroidManifest.xml:27:17-130
79                android:value="com.google.firebase.components.ComponentRegistrar" />
79-->[com.google.firebase:firebase-crashlytics-ktx:18.3.7] AndroidManifest.xml:28:17-82
80            <meta-data
80-->[com.google.firebase:firebase-storage-ktx:20.2.0] AndroidManifest.xml:14:13-16:85
81                android:name="com.google.firebase.components:com.google.firebase.storage.ktx.FirebaseStorageKtxRegistrar"
81-->[com.google.firebase:firebase-storage-ktx:20.2.0] AndroidManifest.xml:15:17-122
82                android:value="com.google.firebase.components.ComponentRegistrar" />
82-->[com.google.firebase:firebase-storage-ktx:20.2.0] AndroidManifest.xml:16:17-82
83            <meta-data
83-->[com.google.firebase:firebase-common-ktx:20.3.2] AndroidManifest.xml:14:13-16:85
84                android:name="com.google.firebase.components:com.google.firebase.ktx.FirebaseCommonKtxRegistrar"
84-->[com.google.firebase:firebase-common-ktx:20.3.2] AndroidManifest.xml:15:17-113
85                android:value="com.google.firebase.components.ComponentRegistrar" />
85-->[com.google.firebase:firebase-common-ktx:20.3.2] AndroidManifest.xml:16:17-82
86            <meta-data
86-->[com.google.firebase:firebase-auth:22.0.0] AndroidManifest.xml:69:13-71:85
87                android:name="com.google.firebase.components:com.google.firebase.auth.FirebaseAuthRegistrar"
87-->[com.google.firebase:firebase-auth:22.0.0] AndroidManifest.xml:70:17-109
88                android:value="com.google.firebase.components.ComponentRegistrar" />
88-->[com.google.firebase:firebase-auth:22.0.0] AndroidManifest.xml:71:17-82
89            <meta-data
89-->[com.google.firebase:firebase-database:20.2.1] AndroidManifest.xml:31:13-33:85
90                android:name="com.google.firebase.components:com.google.firebase.database.DatabaseRegistrar"
90-->[com.google.firebase:firebase-database:20.2.1] AndroidManifest.xml:32:17-109
91                android:value="com.google.firebase.components.ComponentRegistrar" />
91-->[com.google.firebase:firebase-database:20.2.1] AndroidManifest.xml:33:17-82
92            <meta-data
92-->[com.google.firebase:firebase-crashlytics:18.3.7] AndroidManifest.xml:17:13-19:85
93                android:name="com.google.firebase.components:com.google.firebase.crashlytics.CrashlyticsRegistrar"
93-->[com.google.firebase:firebase-crashlytics:18.3.7] AndroidManifest.xml:18:17-115
94                android:value="com.google.firebase.components.ComponentRegistrar" />
94-->[com.google.firebase:firebase-crashlytics:18.3.7] AndroidManifest.xml:19:17-82
95            <meta-data
95-->[com.google.firebase:firebase-storage:20.2.0] AndroidManifest.xml:32:13-34:85
96                android:name="com.google.firebase.components:com.google.firebase.storage.StorageRegistrar"
96-->[com.google.firebase:firebase-storage:20.2.0] AndroidManifest.xml:33:17-107
97                android:value="com.google.firebase.components.ComponentRegistrar" />
97-->[com.google.firebase:firebase-storage:20.2.0] AndroidManifest.xml:34:17-82
98            <meta-data
98-->[com.google.android.gms:play-services-measurement-api:21.2.2] AndroidManifest.xml:31:13-33:85
99                android:name="com.google.firebase.components:com.google.firebase.analytics.connector.internal.AnalyticsConnectorRegistrar"
99-->[com.google.android.gms:play-services-measurement-api:21.2.2] AndroidManifest.xml:32:17-139
100                android:value="com.google.firebase.components.ComponentRegistrar" />
100-->[com.google.android.gms:play-services-measurement-api:21.2.2] AndroidManifest.xml:33:17-82
101            <meta-data
101-->[com.google.firebase:firebase-installations:17.1.3] AndroidManifest.xml:17:13-19:85
102                android:name="com.google.firebase.components:com.google.firebase.installations.FirebaseInstallationsRegistrar"
102-->[com.google.firebase:firebase-installations:17.1.3] AndroidManifest.xml:18:17-127
103                android:value="com.google.firebase.components.ComponentRegistrar" />
103-->[com.google.firebase:firebase-installations:17.1.3] AndroidManifest.xml:19:17-82
104        </service>
105
106        <activity
106-->[com.google.firebase:firebase-auth:22.0.0] AndroidManifest.xml:29:9-46:20
107            android:name="com.google.firebase.auth.internal.GenericIdpActivity"
107-->[com.google.firebase:firebase-auth:22.0.0] AndroidManifest.xml:30:13-80
108            android:excludeFromRecents="true"
108-->[com.google.firebase:firebase-auth:22.0.0] AndroidManifest.xml:31:13-46
109            android:exported="true"
109-->[com.google.firebase:firebase-auth:22.0.0] AndroidManifest.xml:32:13-36
110            android:launchMode="singleTask"
110-->[com.google.firebase:firebase-auth:22.0.0] AndroidManifest.xml:33:13-44
111            android:theme="@android:style/Theme.Translucent.NoTitleBar" >
111-->[com.google.firebase:firebase-auth:22.0.0] AndroidManifest.xml:34:13-72
112            <intent-filter>
112-->[com.google.firebase:firebase-auth:22.0.0] AndroidManifest.xml:35:13-45:29
113                <action android:name="android.intent.action.VIEW" />
113-->[com.google.firebase:firebase-auth:22.0.0] AndroidManifest.xml:36:17-69
113-->[com.google.firebase:firebase-auth:22.0.0] AndroidManifest.xml:36:25-66
114
115                <category android:name="android.intent.category.DEFAULT" />
115-->[com.google.firebase:firebase-auth:22.0.0] AndroidManifest.xml:38:17-76
115-->[com.google.firebase:firebase-auth:22.0.0] AndroidManifest.xml:38:27-73
116                <category android:name="android.intent.category.BROWSABLE" />
116-->[com.google.firebase:firebase-auth:22.0.0] AndroidManifest.xml:39:17-78
116-->[com.google.firebase:firebase-auth:22.0.0] AndroidManifest.xml:39:27-75
117
118                <data
118-->[com.google.firebase:firebase-auth:22.0.0] AndroidManifest.xml:41:17-44:51
119                    android:host="firebase.auth"
119-->[com.google.firebase:firebase-auth:22.0.0] AndroidManifest.xml:42:21-49
120                    android:path="/"
120-->[com.google.firebase:firebase-auth:22.0.0] AndroidManifest.xml:43:21-37
121                    android:scheme="genericidp" />
121-->[com.google.firebase:firebase-auth:22.0.0] AndroidManifest.xml:44:21-48
122            </intent-filter>
123        </activity>
124        <activity
124-->[com.google.firebase:firebase-auth:22.0.0] AndroidManifest.xml:47:9-64:20
125            android:name="com.google.firebase.auth.internal.RecaptchaActivity"
125-->[com.google.firebase:firebase-auth:22.0.0] AndroidManifest.xml:48:13-79
126            android:excludeFromRecents="true"
126-->[com.google.firebase:firebase-auth:22.0.0] AndroidManifest.xml:49:13-46
127            android:exported="true"
127-->[com.google.firebase:firebase-auth:22.0.0] AndroidManifest.xml:50:13-36
128            android:launchMode="singleTask"
128-->[com.google.firebase:firebase-auth:22.0.0] AndroidManifest.xml:51:13-44
129            android:theme="@android:style/Theme.Translucent.NoTitleBar" >
129-->[com.google.firebase:firebase-auth:22.0.0] AndroidManifest.xml:52:13-72
130            <intent-filter>
130-->[com.google.firebase:firebase-auth:22.0.0] AndroidManifest.xml:53:13-63:29
131                <action android:name="android.intent.action.VIEW" />
131-->[com.google.firebase:firebase-auth:22.0.0] AndroidManifest.xml:36:17-69
131-->[com.google.firebase:firebase-auth:22.0.0] AndroidManifest.xml:36:25-66
132
133                <category android:name="android.intent.category.DEFAULT" />
133-->[com.google.firebase:firebase-auth:22.0.0] AndroidManifest.xml:38:17-76
133-->[com.google.firebase:firebase-auth:22.0.0] AndroidManifest.xml:38:27-73
134                <category android:name="android.intent.category.BROWSABLE" />
134-->[com.google.firebase:firebase-auth:22.0.0] AndroidManifest.xml:39:17-78
134-->[com.google.firebase:firebase-auth:22.0.0] AndroidManifest.xml:39:27-75
135
136                <data
136-->[com.google.firebase:firebase-auth:22.0.0] AndroidManifest.xml:41:17-44:51
137                    android:host="firebase.auth"
137-->[com.google.firebase:firebase-auth:22.0.0] AndroidManifest.xml:42:21-49
138                    android:path="/"
138-->[com.google.firebase:firebase-auth:22.0.0] AndroidManifest.xml:43:21-37
139                    android:scheme="recaptcha" />
139-->[com.google.firebase:firebase-auth:22.0.0] AndroidManifest.xml:44:21-48
140            </intent-filter>
141        </activity>
142
143        <provider
143-->[com.google.firebase:firebase-common:20.3.2] AndroidManifest.xml:25:9-30:39
144            android:name="com.google.firebase.provider.FirebaseInitProvider"
144-->[com.google.firebase:firebase-common:20.3.2] AndroidManifest.xml:26:13-77
145            android:authorities="com.example.bookency.firebaseinitprovider"
145-->[com.google.firebase:firebase-common:20.3.2] AndroidManifest.xml:27:13-72
146            android:directBootAware="true"
146-->[com.google.firebase:firebase-common:20.3.2] AndroidManifest.xml:28:13-43
147            android:exported="false"
147-->[com.google.firebase:firebase-common:20.3.2] AndroidManifest.xml:29:13-37
148            android:initOrder="100" />
148-->[com.google.firebase:firebase-common:20.3.2] AndroidManifest.xml:30:13-36
149
150        <activity
150-->[com.google.android.gms:play-services-base:18.1.0] AndroidManifest.xml:20:9-22:45
151            android:name="com.google.android.gms.common.api.GoogleApiActivity"
151-->[com.google.android.gms:play-services-base:18.1.0] AndroidManifest.xml:20:19-85
152            android:exported="false"
152-->[com.google.android.gms:play-services-base:18.1.0] AndroidManifest.xml:22:19-43
153            android:theme="@android:style/Theme.Translucent.NoTitleBar" />
153-->[com.google.android.gms:play-services-base:18.1.0] AndroidManifest.xml:21:19-78
154
155        <receiver
155-->[com.google.android.gms:play-services-measurement:21.2.2] AndroidManifest.xml:29:9-33:20
156            android:name="com.google.android.gms.measurement.AppMeasurementReceiver"
156-->[com.google.android.gms:play-services-measurement:21.2.2] AndroidManifest.xml:30:13-85
157            android:enabled="true"
157-->[com.google.android.gms:play-services-measurement:21.2.2] AndroidManifest.xml:31:13-35
158            android:exported="false" >
158-->[com.google.android.gms:play-services-measurement:21.2.2] AndroidManifest.xml:32:13-37
159        </receiver>
160
161        <service
161-->[com.google.android.gms:play-services-measurement:21.2.2] AndroidManifest.xml:35:9-38:40
162            android:name="com.google.android.gms.measurement.AppMeasurementService"
162-->[com.google.android.gms:play-services-measurement:21.2.2] AndroidManifest.xml:36:13-84
163            android:enabled="true"
163-->[com.google.android.gms:play-services-measurement:21.2.2] AndroidManifest.xml:37:13-35
164            android:exported="false" />
164-->[com.google.android.gms:play-services-measurement:21.2.2] AndroidManifest.xml:38:13-37
165        <service
165-->[com.google.android.gms:play-services-measurement:21.2.2] AndroidManifest.xml:39:9-43:72
166            android:name="com.google.android.gms.measurement.AppMeasurementJobService"
166-->[com.google.android.gms:play-services-measurement:21.2.2] AndroidManifest.xml:40:13-87
167            android:enabled="true"
167-->[com.google.android.gms:play-services-measurement:21.2.2] AndroidManifest.xml:41:13-35
168            android:exported="false"
168-->[com.google.android.gms:play-services-measurement:21.2.2] AndroidManifest.xml:42:13-37
169            android:permission="android.permission.BIND_JOB_SERVICE" />
169-->[com.google.android.gms:play-services-measurement:21.2.2] AndroidManifest.xml:43:13-69
170
171        <meta-data
171-->[com.google.android.gms:play-services-basement:18.1.0] AndroidManifest.xml:21:9-23:69
172            android:name="com.google.android.gms.version"
172-->[com.google.android.gms:play-services-basement:18.1.0] AndroidManifest.xml:22:13-58
173            android:value="@integer/google_play_services_version" />
173-->[com.google.android.gms:play-services-basement:18.1.0] AndroidManifest.xml:23:13-66
174
175        <service
175-->[com.google.android.datatransport:transport-backend-cct:3.1.9] AndroidManifest.xml:28:9-34:19
176            android:name="com.google.android.datatransport.runtime.backends.TransportBackendDiscovery"
176-->[com.google.android.datatransport:transport-backend-cct:3.1.9] AndroidManifest.xml:29:13-103
177            android:exported="false" >
177-->[com.google.android.datatransport:transport-backend-cct:3.1.9] AndroidManifest.xml:30:13-37
178            <meta-data
178-->[com.google.android.datatransport:transport-backend-cct:3.1.9] AndroidManifest.xml:31:13-33:39
179                android:name="backend:com.google.android.datatransport.cct.CctBackendFactory"
179-->[com.google.android.datatransport:transport-backend-cct:3.1.9] AndroidManifest.xml:32:17-94
180                android:value="cct" />
180-->[com.google.android.datatransport:transport-backend-cct:3.1.9] AndroidManifest.xml:33:17-36
181        </service>
182        <service
182-->[com.google.android.datatransport:transport-runtime:3.1.9] AndroidManifest.xml:26:9-30:19
183            android:name="com.google.android.datatransport.runtime.scheduling.jobscheduling.JobInfoSchedulerService"
183-->[com.google.android.datatransport:transport-runtime:3.1.9] AndroidManifest.xml:27:13-117
184            android:exported="false"
184-->[com.google.android.datatransport:transport-runtime:3.1.9] AndroidManifest.xml:28:13-37
185            android:permission="android.permission.BIND_JOB_SERVICE" >
185-->[com.google.android.datatransport:transport-runtime:3.1.9] AndroidManifest.xml:29:13-69
186        </service>
187
188        <receiver
188-->[com.google.android.datatransport:transport-runtime:3.1.9] AndroidManifest.xml:32:9-34:40
189            android:name="com.google.android.datatransport.runtime.scheduling.jobscheduling.AlarmManagerSchedulerBroadcastReceiver"
189-->[com.google.android.datatransport:transport-runtime:3.1.9] AndroidManifest.xml:33:13-132
190            android:exported="false" />
190-->[com.google.android.datatransport:transport-runtime:3.1.9] AndroidManifest.xml:34:13-37
191    </application>
192
193</manifest>